This is pdfTeX, Version 3.141592653-2.6-1.40.22 (TeX Live 2021/Arch Linux) (preloaded format=pdflatex 2021.7.13)  9 AUG 2021 00:40
entering extended mode
 restricted \write18 enabled.
 file:line:error style messages enabled.
 %&-line parsing enabled.
**/home/samuel/Desktop/Analysis1/Analysis1/summary.tex
(/home/samuel/Desktop/Analysis1/Analysis1/summary.tex
LaTeX2e <2020-10-01> patch level 4
L3 programming layer <2021-02-18> (/usr/share/texmf-dist/tex/latex/extsizes/extarticle.cls
Document Class: extarticle 1996/10/08 v1.0 Non Standard LaTeX document class
(/usr/share/texmf-dist/tex/latex/extsizes/size8.clo
File: size8.clo 1999/11/11 v1.4a NON-Standard LaTeX file (size option)
) (/usr/share/texmf-dist/tex/latex/base/exscale.sty
Package: exscale 2018/09/24 v2.1i Standard LaTeX package exscale
LaTeX Font Info:    Redeclaring symbol font `largesymbols' on input line 57.
LaTeX Font Info:    Overwriting symbol font `largesymbols' in version `normal'
(Font)                  OMX/cmex/m/n --> OMX/cmex/m/n on input line 57.
LaTeX Font Info:    Overwriting symbol font `largesymbols' in version `bold'
(Font)                  OMX/cmex/m/n --> OMX/cmex/m/n on input line 57.
\big@size=\dimen138
)
\c@part=\count179
\c@section=\count180
\c@subsection=\count181
\c@subsubsection=\count182
\c@paragraph=\count183
\c@subparagraph=\count184
\c@figure=\count185
\c@table=\count186
\abovecaptionskip=\skip47
\belowcaptionskip=\skip48
\bibindent=\dimen139
) (/usr/share/texmf-dist/tex/latex/geometry/geometry.sty
Package: geometry 2020/01/02 v5.9 Page Geometry
 (/usr/share/texmf-dist/tex/latex/graphics/keyval.sty
Package: keyval 2014/10/28 v1.15 key=value parser (DPC)
\KV@toks@=\toks15
) (/usr/share/texmf-dist/tex/generic/iftex/ifvtex.sty
Package: ifvtex 2019/10/25 v1.7 ifvtex legacy package. Use iftex instead.
 (/usr/share/texmf-dist/tex/generic/iftex/iftex.sty
Package: iftex 2020/03/06 v1.0d TeX engine tests
))
\Gm@cnth=\count187
\Gm@cntv=\count188
\c@Gm@tempcnt=\count189
\Gm@bindingoffset=\dimen140
\Gm@wd@mp=\dimen141
\Gm@odd@mp=\dimen142
\Gm@even@mp=\dimen143
\Gm@layoutwidth=\dimen144
\Gm@layoutheight=\dimen145
\Gm@layouthoffset=\dimen146
\Gm@layoutvoffset=\dimen147
\Gm@dimlist=\toks16
) (/usr/share/texmf-dist/tex/latex/fancyhdr/fancyhdr.sty
Package: fancyhdr 2021/01/28 v4.0.1 Extensive control of page headers and footers
\f@nch@headwidth=\skip49
\f@nch@O@elh=\skip50
\f@nch@O@erh=\skip51
\f@nch@O@olh=\skip52
\f@nch@O@orh=\skip53
\f@nch@O@elf=\skip54
\f@nch@O@erf=\skip55
\f@nch@O@olf=\skip56
\f@nch@O@orf=\skip57
) (/usr/share/texmf-dist/tex/latex/tools/multicol.sty
Package: multicol 2019/12/09 v1.8y multicolumn formatting (FMi)
\c@tracingmulticols=\count190
\mult@box=\box47
\multicol@leftmargin=\dimen148
\c@unbalance=\count191
\c@collectmore=\count192
\doublecol@number=\count193
\multicoltolerance=\count194
\multicolpretolerance=\count195
\full@width=\dimen149
\page@free=\dimen150
\premulticols=\dimen151
\postmulticols=\dimen152
\multicolsep=\skip58
\multicolbaselineskip=\skip59
\partial@page=\box48
\last@line=\box49
\maxbalancingoverflow=\dimen153
\mult@rightbox=\box50
\mult@grightbox=\box51
\mult@gfirstbox=\box52
\mult@firstbox=\box53
\@tempa=\box54
\@tempa=\box55
\@tempa=\box56
\@tempa=\box57
\@tempa=\box58
\@tempa=\box59
\@tempa=\box60
\@tempa=\box61
\@tempa=\box62
\@tempa=\box63
\@tempa=\box64
\@tempa=\box65
\@tempa=\box66
\@tempa=\box67
\@tempa=\box68
\@tempa=\box69
\@tempa=\box70
\@tempa=\box71
\@tempa=\box72
\@tempa=\box73
\@tempa=\box74
\@tempa=\box75
\@tempa=\box76
\@tempa=\box77
\@tempa=\box78
\@tempa=\box79
\@tempa=\box80
\@tempa=\box81
\@tempa=\box82
\@tempa=\box83
\@tempa=\box84
\@tempa=\box85
\@tempa=\box86
\@tempa=\box87
\@tempa=\box88
\@tempa=\box89
\@tempa=\box90
\c@minrows=\count196
\c@columnbadness=\count197
\c@finalcolumnbadness=\count198
\last@try=\dimen154
\multicolovershoot=\dimen155
\multicolundershoot=\dimen156
\mult@nat@firstbox=\box91
\colbreak@box=\box92
\mc@col@check@num=\count199
) (/usr/share/texmf-dist/tex/generic/babel/babel.sty
Package: babel 2021/03/24 3.56 The Babel package
 (/usr/share/texmf-dist/tex/generic/babel/babel.def
File: babel.def 2021/03/24 3.56 Babel common definitions
\babel@savecnt=\count266
\U@D=\dimen157
\l@babelnohyphens=\language87
 (/usr/share/texmf-dist/tex/generic/babel/txtbabel.def)
\bbl@readstream=\read2
)
\bbl@dirlevel=\count267
 (/usr/share/texmf-dist/tex/generic/babel-german/ngerman.ldf
Language: ngerman 2021/02/27 v2.13 German support for babel (post-1996 orthography)
 (/usr/share/texmf-dist/tex/generic/babel-german/ngermanb.ldf
Language: ngermanb 2021/02/27 v2.13 German support for babel (post-1996 orthography)
Package babel Info: Making " an active character on input line 122.
))) (/usr/share/texmf-dist/tex/latex/base/inputenc.sty
Package: inputenc 2020/08/01 v1.3d Input encoding file
\inpenc@prehook=\toks17
\inpenc@posthook=\toks18
) (/usr/share/texmf-dist/tex/latex/microtype/microtype.sty
Package: microtype 2021/03/14 v2.8c Micro-typographical refinements (RS)
\MT@toks=\toks19
\MT@count=\count268
LaTeX Info: Redefining \textls on input line 790.
\MT@outer@kern=\dimen158
LaTeX Info: Redefining \textmicrotypecontext on input line 1374.
\MT@listname@count=\count269
 (/usr/share/texmf-dist/tex/latex/microtype/microtype-pdftex.def
File: microtype-pdftex.def 2021/03/14 v2.8c Definitions specific to pdftex (RS)
LaTeX Info: Redefining \lsstyle on input line 915.
LaTeX Info: Redefining \lslig on input line 915.
\MT@outer@space=\skip60
)
Package microtype Info: Loading configuration file microtype.cfg.
 (/usr/share/texmf-dist/tex/latex/microtype/microtype.cfg
File: microtype.cfg 2021/03/14 v2.8c microtype main configuration file (RS)
)) (/usr/share/texmf-dist/tex/latex/hyperref/hyperref.sty
Package: hyperref 2021-02-27 v7.00k Hypertext links for LaTeX
 (/usr/share/texmf-dist/tex/generic/ltxcmds/ltxcmds.sty
Package: ltxcmds 2020-05-10 v1.25 LaTeX kernel commands for general use (HO)
) (/usr/share/texmf-dist/tex/generic/pdftexcmds/pdftexcmds.sty
Package: pdftexcmds 2020-06-27 v0.33 Utility functions of pdfTeX for LuaTeX (HO)
 (/usr/share/texmf-dist/tex/generic/infwarerr/infwarerr.sty
Package: infwarerr 2019/12/03 v1.5 Providing info/warning/error messages (HO)
)
Package pdftexcmds Info: \pdf@primitive is available.
Package pdftexcmds Info: \pdf@ifprimitive is available.
Package pdftexcmds Info: \pdfdraftmode found.
) (/usr/share/texmf-dist/tex/generic/kvsetkeys/kvsetkeys.sty
Package: kvsetkeys 2019/12/15 v1.18 Key value parser (HO)
) (/usr/share/texmf-dist/tex/generic/kvdefinekeys/kvdefinekeys.sty
Package: kvdefinekeys 2019-12-19 v1.6 Define keys (HO)
) (/usr/share/texmf-dist/tex/generic/pdfescape/pdfescape.sty
Package: pdfescape 2019/12/09 v1.15 Implements pdfTeX's escape features (HO)
) (/usr/share/texmf-dist/tex/latex/hycolor/hycolor.sty
Package: hycolor 2020-01-27 v1.10 Color options for hyperref/bookmark (HO)
) (/usr/share/texmf-dist/tex/latex/letltxmacro/letltxmacro.sty
Package: letltxmacro 2019/12/03 v1.6 Let assignment for LaTeX macros (HO)
) (/usr/share/texmf-dist/tex/latex/auxhook/auxhook.sty
Package: auxhook 2019-12-17 v1.6 Hooks for auxiliary files (HO)
) (/usr/share/texmf-dist/tex/latex/kvoptions/kvoptions.sty
Package: kvoptions 2020-10-07 v3.14 Key value format for package options (HO)
)
\@linkdim=\dimen159
\Hy@linkcounter=\count270
\Hy@pagecounter=\count271
 (/usr/share/texmf-dist/tex/latex/hyperref/pd1enc.def
File: pd1enc.def 2021-02-27 v7.00k Hyperref: PDFDocEncoding definition (HO)
Now handling font encoding PD1 ...
... no UTF-8 mapping file for font encoding PD1
) (/usr/share/texmf-dist/tex/latex/hyperref/hyperref-langpatches.def
File: hyperref-langpatches.def 2021-02-27 v7.00k Hyperref: patches for babel languages
) (/usr/share/texmf-dist/tex/generic/intcalc/intcalc.sty
Package: intcalc 2019/12/15 v1.3 Expandable calculations with integers (HO)
) (/usr/share/texmf-dist/tex/generic/etexcmds/etexcmds.sty
Package: etexcmds 2019/12/15 v1.7 Avoid name clashes with e-TeX commands (HO)
)
\Hy@SavedSpaceFactor=\count272
 (/usr/share/texmf-dist/tex/latex/hyperref/puenc.def
File: puenc.def 2021-02-27 v7.00k Hyperref: PDF Unicode definition (HO)
Now handling font encoding PU ...
... no UTF-8 mapping file for font encoding PU
)
Package hyperref Info: Hyper figures OFF on input line 4192.
Package hyperref Info: Link nesting OFF on input line 4197.
Package hyperref Info: Hyper index ON on input line 4200.
Package hyperref Info: Plain pages OFF on input line 4207.
Package hyperref Info: Backreferencing OFF on input line 4212.
Package hyperref Info: Implicit mode ON; LaTeX internals redefined.
Package hyperref Info: Bookmarks ON on input line 4445.
\c@Hy@tempcnt=\count273
 (/usr/share/texmf-dist/tex/latex/url/url.sty
\Urlmuskip=\muskip16
Package: url 2013/09/16  ver 3.4  Verb mode for urls, etc.
)
LaTeX Info: Redefining \url on input line 4804.
\XeTeXLinkMargin=\dimen160
 (/usr/share/texmf-dist/tex/generic/bitset/bitset.sty
Package: bitset 2019/12/09 v1.3 Handle bit-vector datatype (HO)
 (/usr/share/texmf-dist/tex/generic/bigintcalc/bigintcalc.sty
Package: bigintcalc 2019/12/15 v1.5 Expandable calculations on big integers (HO)
))
\Fld@menulength=\count274
\Field@Width=\dimen161
\Fld@charsize=\dimen162
Package hyperref Info: Hyper figures OFF on input line 6075.
Package hyperref Info: Link nesting OFF on input line 6080.
Package hyperref Info: Hyper index ON on input line 6083.
Package hyperref Info: backreferencing OFF on input line 6090.
Package hyperref Info: Link coloring OFF on input line 6095.
Package hyperref Info: Link coloring with OCG OFF on input line 6100.
Package hyperref Info: PDF/A mode OFF on input line 6105.
LaTeX Info: Redefining \ref on input line 6145.
LaTeX Info: Redefining \pageref on input line 6149.
 (/usr/share/texmf-dist/tex/latex/base/atbegshi-ltx.sty
Package: atbegshi-ltx 2020/08/17 v1.0a Emulation of the original atbegshi package
with kernel methods
)
\Hy@abspage=\count275
\c@Item=\count276
\c@Hfootnote=\count277
)
Package hyperref Info: Driver (autodetected): hpdftex.
 (/usr/share/texmf-dist/tex/latex/hyperref/hpdftex.def
File: hpdftex.def 2021-02-27 v7.00k Hyperref driver for pdfTeX
 (/usr/share/texmf-dist/tex/latex/base/atveryend-ltx.sty
Package: atveryend-ltx 2020/08/19 v1.0a Emulation of the original atvery package
with kernel methods
)
\Fld@listcount=\count278
\c@bookmark@seq@number=\count279
 (/usr/share/texmf-dist/tex/latex/rerunfilecheck/rerunfilecheck.sty
Package: rerunfilecheck 2019/12/05 v1.9 Rerun checks for auxiliary files (HO)
 (/usr/share/texmf-dist/tex/generic/uniquecounter/uniquecounter.sty
Package: uniquecounter 2019/12/15 v1.4 Provide unlimited unique counter (HO)
)
Package uniquecounter Info: New unique counter `rerunfilecheck' on input line 286.
)
\Hy@SectionHShift=\skip61
) (/usr/share/texmf-dist/tex/latex/float/float.sty
Package: float 2001/11/08 v1.3d Float enhancements (AL)
\c@float@type=\count280
\float@exts=\toks20
\float@box=\box93
\@float@everytoks=\toks21
\@floatcapt=\box94
) (/usr/share/texmf-dist/tex/latex/graphics/graphicx.sty
Package: graphicx 2020/09/09 v1.2b Enhanced LaTeX Graphics (DPC,SPQR)
 (/usr/share/texmf-dist/tex/latex/graphics/graphics.sty
Package: graphics 2020/08/30 v1.4c Standard LaTeX Graphics (DPC,SPQR)
 (/usr/share/texmf-dist/tex/latex/graphics/trig.sty
Package: trig 2016/01/03 v1.10 sin cos tan (DPC)
) (/usr/share/texmf-dist/tex/latex/graphics-cfg/graphics.cfg
File: graphics.cfg 2016/06/04 v1.11 sample graphics configuration
)
Package graphics Info: Driver file: pdftex.def on input line 105.
 (/usr/share/texmf-dist/tex/latex/graphics-def/pdftex.def
File: pdftex.def 2020/10/05 v1.2a Graphics/color driver for pdftex
))
\Gin@req@height=\dimen163
\Gin@req@width=\dimen164
) (/usr/share/texmf-dist/tex/latex/comment/comment.sty
\CommentStream=\write3
 Excluding comment 'comment') (/usr/share/texmf-dist/tex/latex/amsmath/amsmath.sty
Package: amsmath 2020/09/23 v2.17i AMS math features
\@mathmargin=\skip62

For additional information on amsmath, use the `?' option.
(/usr/share/texmf-dist/tex/latex/amsmath/amstext.sty
Package: amstext 2000/06/29 v2.01 AMS text
 (/usr/share/texmf-dist/tex/latex/amsmath/amsgen.sty
File: amsgen.sty 1999/11/30 v2.0 generic functions
\@emptytoks=\toks22
\ex@=\dimen165
)) (/usr/share/texmf-dist/tex/latex/amsmath/amsbsy.sty
Package: amsbsy 1999/11/29 v1.2d Bold Symbols
\pmbraise@=\dimen166
) (/usr/share/texmf-dist/tex/latex/amsmath/amsopn.sty
Package: amsopn 2016/03/08 v2.02 operator names
)
\inf@bad=\count281
LaTeX Info: Redefining \frac on input line 234.
\uproot@=\count282
\leftroot@=\count283
LaTeX Info: Redefining \overline on input line 399.
\classnum@=\count284
\DOTSCASE@=\count285
LaTeX Info: Redefining \ldots on input line 496.
LaTeX Info: Redefining \dots on input line 499.
LaTeX Info: Redefining \cdots on input line 620.
\Mathstrutbox@=\box95
\strutbox@=\box96
\big@size=\dimen167
LaTeX Font Info:    Redeclaring font encoding OML on input line 743.
LaTeX Font Info:    Redeclaring font encoding OMS on input line 744.
\macc@depth=\count286
\c@MaxMatrixCols=\count287
\dotsspace@=\muskip17
\c@parentequation=\count288
\dspbrk@lvl=\count289
\tag@help=\toks23
\row@=\count290
\column@=\count291
\maxfields@=\count292
\andhelp@=\toks24
\eqnshift@=\dimen168
\alignsep@=\dimen169
\tagshift@=\dimen170
\tagwidth@=\dimen171
\totwidth@=\dimen172
\lineht@=\dimen173
\@envbody=\toks25
\multlinegap=\skip63
\multlinetaggap=\skip64
\mathdisplay@stack=\toks26
LaTeX Info: Redefining \[ on input line 2923.
LaTeX Info: Redefining \] on input line 2924.
) (/usr/share/texmf-dist/tex/latex/amsfonts/amssymb.sty
Package: amssymb 2013/01/14 v3.01 AMS font symbols
 (/usr/share/texmf-dist/tex/latex/amsfonts/amsfonts.sty
Package: amsfonts 2013/01/14 v3.01 Basic AMSFonts support
\symAMSa=\mathgroup4
\symAMSb=\mathgroup5
LaTeX Font Info:    Redeclaring math symbol \hbar on input line 98.
LaTeX Font Info:    Overwriting math alphabet `\mathfrak' in version `bold'
(Font)                  U/euf/m/n --> U/euf/b/n on input line 106.
)) (/usr/share/texmf-dist/tex/latex/cancel/cancel.sty
Package: cancel 2013/04/12 v2.2 Cancel math terms
) (/usr/share/texmf-dist/tex/latex/graphics/color.sty
Package: color 2020/02/24 v1.2b Standard LaTeX Color (DPC)
 (/usr/share/texmf-dist/tex/latex/graphics-cfg/color.cfg
File: color.cfg 2016/01/02 v1.6 sample color configuration
)
Package color Info: Driver file: pdftex.def on input line 147.
) (/usr/share/texmf-dist/tex/latex/xcolor/xcolor.sty
Package: xcolor 2016/05/11 v2.12 LaTeX color extensions (UK)
 (/usr/share/texmf-dist/tex/latex/graphics-cfg/color.cfg
File: color.cfg 2016/01/02 v1.6 sample color configuration
)
Package xcolor Info: Driver file: pdftex.def on input line 225.
LaTeX Info: Redefining \color on input line 709.
Package xcolor Info: Model `cmy' substituted by `cmy0' on input line 1348.
Package xcolor Info: Model `hsb' substituted by `rgb' on input line 1352.
Package xcolor Info: Model `RGB' extended on input line 1364.
Package xcolor Info: Model `HTML' substituted by `rgb' on input line 1366.
Package xcolor Info: Model `Hsb' substituted by `hsb' on input line 1367.
Package xcolor Info: Model `tHsb' substituted by `hsb' on input line 1368.
Package xcolor Info: Model `HSB' substituted by `hsb' on input line 1369.
Package xcolor Info: Model `Gray' substituted by `gray' on input line 1370.
Package xcolor Info: Model `wave' substituted by `hsb' on input line 1371.
) (/usr/share/texmf-dist/tex/latex/booktabs/booktabs.sty
Package: booktabs 2020/01/12 v1.61803398 Publication quality tables
\heavyrulewidth=\dimen174
\lightrulewidth=\dimen175
\cmidrulewidth=\dimen176
\belowrulesep=\dimen177
\belowbottomsep=\dimen178
\aboverulesep=\dimen179
\abovetopsep=\dimen180
\cmidrulesep=\dimen181
\cmidrulekern=\dimen182
\defaultaddspace=\dimen183
\@cmidla=\count293
\@cmidlb=\count294
\@aboverulesep=\dimen184
\@belowrulesep=\dimen185
\@thisruleclass=\count295
\@lastruleclass=\count296
\@thisrulewidth=\dimen186
) (/usr/share/texmf-dist/tex/latex/enumitem/enumitem.sty
Package: enumitem 2019/06/20 v3.9 Customized lists
\labelindent=\skip65
\enit@outerparindent=\dimen187
\enit@toks=\toks27
\enit@inbox=\box97
\enit@count@id=\count297
\enitdp@description=\count298
) (/usr/share/texmf-dist/tex/latex/xifthen/xifthen.sty
Package: xifthen 2015/11/05 v1.4.0 Extended ifthen features
 (/usr/share/texmf-dist/tex/latex/tools/calc.sty
Package: calc 2017/05/25 v4.3 Infix arithmetic (KKT,FJ)
\calc@Acount=\count299
\calc@Bcount=\count300
\calc@Adimen=\dimen188
\calc@Bdimen=\dimen189
\calc@Askip=\skip66
\calc@Bskip=\skip67
LaTeX Info: Redefining \setlength on input line 80.
LaTeX Info: Redefining \addtolength on input line 81.
\calc@Ccount=\count301
\calc@Cskip=\skip68
) (/usr/share/texmf-dist/tex/latex/base/ifthen.sty
Package: ifthen 2014/09/29 v1.1c Standard LaTeX ifthen package (DPC)
) (/usr/share/texmf-dist/tex/latex/ifmtarg/ifmtarg.sty
Package: ifmtarg 2018/04/16 v1.2b check for an empty argument
))
\@input{custom_commands.aux}
\openout2 = `custom_commands.aux'.

(/home/samuel/Desktop/Analysis1/Analysis1/custom_commands.tex) (/usr/share/texmf-dist/tex/latex/environ/environ.sty
Package: environ 2014/05/04 v0.3 A new way to define environments
 (/usr/share/texmf-dist/tex/latex/trimspaces/trimspaces.sty
Package: trimspaces 2009/09/17 v1.1 Trim spaces around a token list
)) (/usr/share/texmf-dist/tex/latex/titlesec/titlesec.sty
Package: titlesec 2019/10/16 v2.13 Sectioning titles
\ttl@box=\box98
\beforetitleunit=\skip69
\aftertitleunit=\skip70
\ttl@plus=\dimen190
\ttl@minus=\dimen191
\ttl@toksa=\toks28
\titlewidth=\dimen192
\titlewidthlast=\dimen193
\titlewidthfirst=\dimen194
) (/usr/share/texmf-dist/tex/latex/oberdiek/centernot.sty
Package: centernot 2016/05/16 v1.4 Centers the not symbol horizontally (HO)
) (/usr/share/texmf-dist/tex/latex/l3backend/l3backend-pdftex.def
File: l3backend-pdftex.def 2021-03-18 L3 backend support: PDF output (pdfTeX)
\l__color_backend_stack_int=\count302
\l__pdf_internal_box=\box99
) (/home/samuel/Desktop/Analysis1/Analysis1/summary.aux (/home/samuel/Desktop/Analysis1/Analysis1/Grundlagen.aux) (/home/samuel/Desktop/Analysis1/Analysis1/Folgen_Reihen.aux) (/home/samuel/Desktop/Analysis1/Analysis1/Stetige_Funktionen.aux) (/home/samuel/Desktop/Analysis1/Analysis1/Differenzierbare_Funktionen.aux) (/home/samuel/Desktop/Analysis1/Analysis1/Riemann_Integral.aux))
\openout1 = `summary.aux'.

LaTeX Font Info:    Checking defaults for OML/cmm/m/it on input line 96.
LaTeX Font Info:    ... okay on input line 96.
LaTeX Font Info:    Checking defaults for OMS/cmsy/m/n on input line 96.
LaTeX Font Info:    ... okay on input line 96.
LaTeX Font Info:    Checking defaults for OT1/cmr/m/n on input line 96.
LaTeX Font Info:    ... okay on input line 96.
LaTeX Font Info:    Checking defaults for T1/cmr/m/n on input line 96.
LaTeX Font Info:    ... okay on input line 96.
LaTeX Font Info:    Checking defaults for TS1/cmr/m/n on input line 96.
LaTeX Font Info:    ... okay on input line 96.
LaTeX Font Info:    Checking defaults for OMX/cmex/m/n on input line 96.
LaTeX Font Info:    ... okay on input line 96.
LaTeX Font Info:    Checking defaults for U/cmr/m/n on input line 96.
LaTeX Font Info:    ... okay on input line 96.
LaTeX Font Info:    Checking defaults for PD1/pdf/m/n on input line 96.
LaTeX Font Info:    ... okay on input line 96.
LaTeX Font Info:    Checking defaults for PU/pdf/m/n on input line 96.
LaTeX Font Info:    ... okay on input line 96.

*geometry* driver: auto-detecting
*geometry* detected driver: pdftex
*geometry* verbose mode - [ preamble ] result:
* driver: pdftex
* paper: a4paper
* layout: <same size as paper>
* layoutoffset:(h,v)=(0.0pt,0.0pt)
* modes: landscape 
* h-part:(L,W,R)=(19.91684pt, 805.21317pt, 19.91684pt)
* v-part:(T,H,B)=(19.91684pt, 557.6742pt, 19.91684pt)
* \paperwidth=845.04684pt
* \paperheight=597.50787pt
* \textwidth=805.21317pt
* \textheight=557.6742pt
* \oddsidemargin=-52.35315pt
* \evensidemargin=-52.35315pt
* \topmargin=-89.35315pt
* \headheight=12.0pt
* \headsep=25.0pt
* \topskip=0.0pt
* \footskip=30.0pt
* \marginparwidth=144.0pt
* \marginparsep=10.0pt
* \columnsep=20.0pt
* \skip\footins=7.0pt plus 4.0pt minus 2.0pt
* \hoffset=0.0pt
* \voffset=0.0pt
* \mag=1000
* \@twocolumnfalse
* \@twosidefalse
* \@mparswitchfalse
* \@reversemarginfalse
* (1in=72.27pt=25.4mm, 1cm=28.453pt)

LaTeX Info: Redefining \microtypecontext on input line 96.
Package microtype Info: Generating PDF output.
Package microtype Info: Character protrusion enabled (level 2).
Package microtype Info: Using default protrusion set `alltext'.
Package microtype Info: Automatic font expansion enabled (level 2),
(microtype)             stretch: 20, shrink: 20, step: 1, non-selected.
Package microtype Info: Using default expansion set `alltext-nott'.
LaTeX Info: Redefining \showhyphens on input line 96.
Package microtype Info: No adjustment of tracking.
Package microtype Info: No adjustment of interword spacing.
Package microtype Info: No adjustment of character kerning.
(/usr/share/texmf-dist/tex/latex/microtype/mt-cmr.cfg
File: mt-cmr.cfg 2013/05/19 v2.2 microtype config. file: Computer Modern Roman (RS)
)
Package hyperref Info: Link coloring OFF on input line 96.
 (/usr/share/texmf-dist/tex/latex/hyperref/nameref.sty
Package: nameref 2021-04-02 v2.47 Cross-referencing by name of section
 (/usr/share/texmf-dist/tex/latex/refcount/refcount.sty
Package: refcount 2019/12/15 v3.6 Data extraction from label references (HO)
) (/usr/share/texmf-dist/tex/generic/gettitlestring/gettitlestring.sty
Package: gettitlestring 2019/12/15 v1.6 Cleanup title references (HO)
)
\c@section@level=\count303
)
LaTeX Info: Redefining \ref on input line 96.
LaTeX Info: Redefining \pageref on input line 96.
LaTeX Info: Redefining \nameref on input line 96.
 (/home/samuel/Desktop/Analysis1/Analysis1/summary.out) (/home/samuel/Desktop/Analysis1/Analysis1/summary.out)
\@outlinefile=\write4
\openout4 = `summary.out'.

 (/usr/share/texmf-dist/tex/context/base/mkii/supp-pdf.mkii
[Loading MPS to PDF converter (version 2006.09.02).]
\scratchcounter=\count304
\scratchdimen=\dimen195
\scratchbox=\box100
\nofMPsegments=\count305
\nofMParguments=\count306
\everyMPshowfont=\toks29
\MPscratchCnt=\count307
\MPscratchDim=\dimen196
\MPnumerator=\count308
\makeMPintoPDFobject=\count309
\everyMPtoPDFconversion=\toks30
) (/usr/share/texmf-dist/tex/latex/epstopdf-pkg/epstopdf-base.sty
Package: epstopdf-base 2020-01-24 v2.11 Base part for package epstopdf
Package epstopdf-base Info: Redefining graphics rule for `.eps' on input line 485.
 (/usr/share/texmf-dist/tex/latex/latexconfig/epstopdf-sys.cfg
File: epstopdf-sys.cfg 2010/07/13 v1.3 Configuration of (r)epstopdf for TeX Live
))
\openout2 = `Grundlagen.aux'.

 (/home/samuel/Desktop/Analysis1/Analysis1/Grundlagen.tex
LaTeX Font Info:    Trying to load font information for U+msa on input line 3.
 (/usr/share/texmf-dist/tex/latex/amsfonts/umsa.fd
File: umsa.fd 2013/01/14 v3.01 AMS symbols A
) (/usr/share/texmf-dist/tex/latex/microtype/mt-msa.cfg
File: mt-msa.cfg 2006/02/04 v1.1 microtype config. file: AMS symbols (a) (RS)
)
LaTeX Font Info:    Trying to load font information for U+msb on input line 3.
 (/usr/share/texmf-dist/tex/latex/amsfonts/umsb.fd
File: umsb.fd 2013/01/14 v3.01 AMS symbols B
) (/usr/share/texmf-dist/tex/latex/microtype/mt-msb.cfg
File: mt-msb.cfg 2005/06/01 v1.0 microtype config. file: AMS symbols (b) (RS)
)
<./img//Ordnungsvollständigkeit.png, id=156, 345.29pt x 87.32625pt>
File: ./img//Ordnungsvollständigkeit.png Graphic file (type png)
<use ./img//Ordnungsvollständigkeit.png>
Package pdftex.def Info: ./img//Ordnungsvollständigkeit.png  used on input line 43.
(pdftex.def)             Requested size: 172.64456pt x 43.66301pt.

Underfull \hbox (badness 10000) in paragraph at lines 42--46
[]
 []


Underfull \hbox (badness 10000) in paragraph at lines 52--54

 []


Underfull \hbox (badness 10000) in paragraph at lines 52--54

 []

<./img//Archimedisches_Prinzip.png, id=158, 435.6275pt x 111.41624pt>
File: ./img//Archimedisches_Prinzip.png Graphic file (type png)
<use ./img//Archimedisches_Prinzip.png>
Package pdftex.def Info: ./img//Archimedisches_Prinzip.png  used on input line 58.
(pdftex.def)             Requested size: 174.24791pt x 44.5657pt.

Underfull \hbox (badness 10000) in paragraph at lines 56--63

 []


Underfull \hbox (badness 10000) in paragraph at lines 56--63

 []


Underfull \hbox (badness 10000) in paragraph at lines 56--63
[]
 []


Underfull \hbox (badness 10000) in paragraph at lines 56--63

 []

LaTeX Font Info:    Trying to load font information for OMS+cmr on input line 63.
(/usr/share/texmf-dist/tex/latex/base/omscmr.fd
File: omscmr.fd 2019/12/16 v2.5j Standard LaTeX font definitions
)
LaTeX Font Info:    Font shape `OMS/cmr/m/n' in size <8> not available
(Font)              Font shape `OMS/cmsy/m/n' tried instead on input line 63.
)
\openout2 = `Folgen_Reihen.aux'.

 (/home/samuel/Desktop/Analysis1/Analysis1/Folgen_Reihen.tex
Underfull \hbox (badness 10000) in paragraph at lines 39--42

 []


Underfull \hbox (badness 10000) in paragraph at lines 39--42

 []

[1{/var/lib/texmf/fonts/map/pdftex/updmap/pdftex.map}




 </home/samuel/Desktop/Analysis1/Analysis1/./img//Ordnungsvollständigkeit.png> </home/samuel/Desktop/Analysis1/Analysis1/./img//Archimedisches_Prinzip.png>]
Underfull \hbox (badness 10000) in paragraph at lines 65--68
\OT1/cmr/m/n/8 (+20) die Eu-ler-sche Kon-stan-te $\OML/cmm/m/it/8 e \OMS/cmsy/m/n/8 ^^Y \OT1/cmr/m/n/8 (+20) 2\OML/cmm/m/it/8 :\OT1/cmr/m/n/8 (+20) 71828$
 []


Overfull \hbox (2.73807pt too wide) detected at line 84
\OML/cmm/m/it/8 a \OT1/cmr/m/n/8 = [] \OML/cmm/m/it/8 a[] \OT1/cmr/m/n/8 = [] []
 []


Underfull \hbox (badness 10000) in paragraph at lines 115--119

 []


Underfull \hbox (badness 10000) in paragraph at lines 115--119

 []


Underfull \hbox (badness 10000) in paragraph at lines 120--122
[][][][][][]\OT1/cmr/m/n/8 (+20) Jede be-
 []


Package hyperref Warning: Token not allowed in a PDF string (Unicode):
(hyperref)                removing `math shift' on input line 124.


Package hyperref Warning: Token not allowed in a PDF string (Unicode):
(hyperref)                removing `superscript' on input line 124.


Package hyperref Warning: Token not allowed in a PDF string (Unicode):
(hyperref)                removing `math shift' on input line 124.


Overfull \hbox (0.98772pt too wide) detected at line 134
\OMS/cmsy/m/n/8 8\OML/cmm/m/it/8 ^^O > \OT1/cmr/m/n/8 0 \OMS/cmsy/m/n/8 9\OML/cmm/m/it/8 N \OMS/cmsy/m/n/8 ^^U \OT1/cmr/m/n/8 1 []  [] \OML/cmm/m/it/8 < ^^O \OMS/cmsy/m/n/8 8\OML/cmm/m/it/8 n; m \OMS/cmsy/m/n/8 ^^U \OML/cmm/m/it/8 N
 []


Underfull \hbox (badness 10000) in paragraph at lines 152--156
\OT1/cmr/m/n/8 (+20) Somit kon-ver-giert $(\OML/cmm/m/it/8 S[]\OT1/cmr/m/n/8 (+20) )[]$ ge-gen $[]$
 []

pdfTeX warning (ext4): destination with the same identifier (name{page.}) has been already used, duplicate ignored
<to be read again> 
                   \relax 
l.173 ...left(\frac{1}{n-1} - \frac{1}{n}\right)\]
                                                   [2]
Underfull \hbox (badness 10000) in paragraph at lines 179--182
[][][][][][]$[][]\OT1/cmr/m/n/8 (+20) (\OMS/cmsy/m/n/8 ^^@\OT1/cmr/m/n/8 (+20) 1)[][]$ kon-ver-giert,
 []


Underfull \hbox (badness 10000) in paragraph at lines 179--182
\OT1/cmr/m/n/8 (+20) ist aber nicht ab-so-lut kon-ver-gent.
 []


Overfull \hbox (3.85463pt too wide) detected at line 191
[] [] \OML/cmm/m/it/8 < \OT1/cmr/m/n/8 1  =[]\OMS/cmsy/m/n/8 )  [] \OML/cmm/m/it/8 a[] []
 []


Underfull \hbox (badness 5302) in paragraph at lines 227--229
\OT1/cmr/m/n/8 (+20) F[]ur $\OML/cmm/m/it/8 s > \OT1/cmr/m/n/8 (+20) 1$ kon-ver-giert die obi-ge Rei-he
 []

)
\openout2 = `Stetige_Funktionen.aux'.

 (/home/samuel/Desktop/Analysis1/Analysis1/Stetige_Funktionen.tex
<./img//Stetigkeit.png, id=189, 999.735pt x 520.94624pt>
File: ./img//Stetigkeit.png Graphic file (type png)
<use ./img//Stetigkeit.png>
Package pdftex.def Info: ./img//Stetigkeit.png  used on input line 27.
(pdftex.def)             Requested size: 209.95055pt x 109.40193pt.
<./img//Stetig2.png, id=190, 893.3375pt x 480.79625pt>
File: ./img//Stetig2.png Graphic file (type png)
<use ./img//Stetig2.png>
Package pdftex.def Info: ./img//Stetig2.png  used on input line 28.
(pdftex.def)             Requested size: 196.53485pt x 105.7755pt.
<./img//Stetigkeit3.png, id=191, 836.12375pt x 810.02625pt>
File: ./img//Stetigkeit3.png Graphic file (type png)
<use ./img//Stetigkeit3.png>
Package pdftex.def Info: ./img//Stetigkeit3.png  used on input line 31.
(pdftex.def)             Requested size: 167.22179pt x 162.00237pt.

Overfull \hbox (9.4209pt too wide) in paragraph at lines 25--33
| []
 []


Overfull \hbox (10.23157pt too wide) in paragraph at lines 25--33
[]
 []

pdfTeX warning (ext4): destination with the same identifier (name{page.}) has been already used, duplicate ignored
<to be read again> 
                   \relax 
l.33 
      [3]
<./img//Zwischenwertsatz.png, id=199, 818.05624pt x 515.9275pt>
File: ./img//Zwischenwertsatz.png Graphic file (type png)
<use ./img//Zwischenwertsatz.png>
Package pdftex.def Info: ./img//Zwischenwertsatz.png  used on input line 54.
(pdftex.def)             Requested size: 163.60834pt x 103.18367pt.

Underfull \hbox (badness 10000) in paragraph at lines 53--57
[]
 []

<./img//3.151.png, id=200, 805.0075pt x 444.66125pt>
File: ./img//3.151.png Graphic file (type png)
<use ./img//3.151.png>
Package pdftex.def Info: ./img//3.151.png  used on input line 60.
(pdftex.def)             Requested size: 205.28033pt x 113.3905pt.
<./img//3.152.png, id=201, 780.9175pt x 446.66875pt>
File: ./img//3.152.png Graphic file (type png)
<use ./img//3.152.png>
Package pdftex.def Info: ./img//3.152.png  used on input line 61.
(pdftex.def)             Requested size: 199.13728pt x 113.90242pt.
<./img//3.153.png, id=202, 775.89874pt x 379.4175pt>
File: ./img//3.153.png Graphic file (type png)
<use ./img//3.153.png>
Package pdftex.def Info: ./img//3.153.png  used on input line 62.
(pdftex.def)             Requested size: 197.85748pt x 96.75307pt.

Underfull \hbox (badness 10000) in paragraph at lines 59--65
[]\OT1/cmr/m/n/8 (+20) In die-sem Ab-schnitt zei-gen wir, dass ei-
 []


Underfull \hbox (badness 10000) in paragraph at lines 59--65
\OT1/cmr/m/n/8 (+20) ne ste-ti-ge Funk-ti-on auf ei-nem kom-pak-
 []


Underfull \hbox (badness 10000) in paragraph at lines 59--65
\OT1/cmr/m/n/8 (+20) ten In-ter-vall be-schr[]ankt ist und zu-dem
 []


Overfull \hbox (18.97705pt too wide) in paragraph at lines 59--65
[]
 []


Overfull \hbox (12.834pt too wide) in paragraph at lines 59--65
[]
 []


Overfull \hbox (11.5542pt too wide) in paragraph at lines 59--65
[]
 []

pdfTeX warning (ext4): destination with the same identifier (name{page.}) has been already used, duplicate ignored
<to be read again> 
                   \relax 
l.104 ...]0,+\infty[ \longrightarrow ]0,+\infty[\]
                                                   [4 </home/samuel/Desktop/Analysis1/Analysis1/./img//Stetigkeit.png> </home/samuel/Desktop/Analysis1/Analysis1/./img//Stetig2.png> </home/samuel/Desktop/Analysis1/Analysis1/./img//Stetigkeit3.png> </home/samuel/Desktop/Analysis1/Analysis1/./img//Zwischenwertsatz.png> </home/samuel/Desktop/Analysis1/Analysis1/./img//3.151.png> </home/samuel/Desktop/Analysis1/Analysis1/./img//3.152.png> </home/samuel/Desktop/Analysis1/Analysis1/./img//3.153.png>]
Underfull \hbox (badness 10000) in paragraph at lines 105--106

 []

<./img//lnExp.png, id=213, 798.985pt x 784.9325pt>
File: ./img//lnExp.png Graphic file (type png)
<use ./img//lnExp.png>
Package pdftex.def Info: ./img//lnExp.png  used on input line 112.
(pdftex.def)             Requested size: 203.74457pt x 200.16112pt.

Overfull \hbox (17.44128pt too wide) in paragraph at lines 112--113
[]
 []


Underfull \hbox (badness 10000) in paragraph at lines 150--151

 []


Underfull \hbox (badness 10000) in paragraph at lines 166--169
\OT1/cmr/m/n/8 (+20) hat \OT1/cmr/bx/n/8 (+20) po-si-ti-ven Kon-ver-genz-ra-di-us\OT1/cmr/m/n/8 (+20) , falls
 []


Overfull \hbox (12.58337pt too wide) detected at line 172
\OML/cmm/m/it/8 ^^Z \OT1/cmr/m/n/8 = []
 []

<./img//SinCos.png, id=214, 1012.78375pt x 379.4175pt>
File: ./img//SinCos.png Graphic file (type png)
<use ./img//SinCos.png>
Package pdftex.def Info: ./img//SinCos.png  used on input line 183.
(pdftex.def)             Requested size: 202.55316pt x 75.88214pt.

Overfull \hbox (16.24988pt too wide) in paragraph at lines 182--187
[]
 []


Package hyperref Warning: Token not allowed in a PDF string (Unicode):
(hyperref)                removing `math shift' on input line 198.


Package hyperref Warning: Token not allowed in a PDF string (Unicode):
(hyperref)                removing `\pi' on input line 198.

pdfTeX warning (ext4): destination with the same identifier (name{page.}) has been already used, duplicate ignored
<to be read again> 
                   \relax 
l.221 \end{enumerate}
                      [5 </home/samuel/Desktop/Analysis1/Analysis1/./img//lnExp.png> </home/samuel/Desktop/Analysis1/Analysis1/./img//SinCos.png>]
Underfull \hbox (badness 10000) in paragraph at lines 249--252

 []


Underfull \hbox (badness 10000) in paragraph at lines 249--252

 []

<./img//LR-GrenzWert.png, id=222, 356.33125pt x 296.10625pt>
File: ./img//LR-GrenzWert.png Graphic file (type png)
<use ./img//LR-GrenzWert.png>
Package pdftex.def Info: ./img//LR-GrenzWert.png  used on input line 272.
(pdftex.def)             Requested size: 142.52997pt x 118.44038pt.

Underfull \hbox (badness 10000) in paragraph at lines 282--285

 []

)
\openout2 = `Differenzierbare_Funktionen.aux'.

 (/home/samuel/Desktop/Analysis1/Analysis1/Differenzierbare_Funktionen.tex
<./img//differenzierbar.png, id=223, 879.285pt x 403.5075pt>
File: ./img//differenzierbar.png Graphic file (type png)
<use ./img//differenzierbar.png>
Package pdftex.def Info: ./img//differenzierbar.png  used on input line 7.
(pdftex.def)             Requested size: 197.84401pt x 90.79143pt.

Overfull \hbox (11.54073pt too wide) in paragraph at lines 6--9
[] 
 []

pdfTeX warning (ext4): destination with the same identifier (name{page.}) has been already used, duplicate ignored
<to be read again> 
                   \relax 
l.33     \item
                \( f = 1: \R \rightarrow \R\), dann ist \(f'(x) = 0 \quad  \... [6 </home/samuel/Desktop/Analysis1/Analysis1/./img//LR-GrenzWert.png> </home/samuel/Desktop/Analysis1/Analysis1/./img//differenzierbar.png>]
<./img//ABS-function.png, id=229, 593.21625pt x 421.575pt>
File: ./img//ABS-function.png Graphic file (type png)
<use ./img//ABS-function.png>
Package pdftex.def Info: ./img//ABS-function.png  used on input line 46.
(pdftex.def)             Requested size: 133.47694pt x 94.8567pt.
<./img//VanDerWaerden.png, id=230, 954.56625pt x 751.80875pt>
File: ./img//VanDerWaerden.png Graphic file (type png)
<use ./img//VanDerWaerden.png>
Package pdftex.def Info: ./img//VanDerWaerden.png  used on input line 57.
(pdftex.def)             Requested size: 176.592pt x 139.08243pt.

Underfull \hbox (badness 10000) in paragraph at lines 67--68

 []


Underfull \hbox (badness 10000) in paragraph at lines 68--69

 []


Overfull \hbox (4.64441pt too wide) detected at line 74
[] \OMS/cmsy/m/n/8 ^^T [] [] ^^T \OT1/cmr/m/n/8 2 []
 []


Underfull \hbox (badness 10000) in paragraph at lines 105--108

 []


Underfull \hbox (badness 10000) in paragraph at lines 105--108

 []


Underfull \hbox (badness 10000) in paragraph at lines 105--108

 []

<./img//MaximaMinima.png, id=231, 1028.84375pt x 516.93124pt>
File: ./img//MaximaMinima.png Graphic file (type png)
<use ./img//MaximaMinima.png>
Package pdftex.def Info: ./img//MaximaMinima.png  used on input line 127.
(pdftex.def)             Requested size: 185.18388pt x 93.04361pt.

Underfull \hbox (badness 10000) in paragraph at lines 127--130
[]
 []

<./img//SatzVonRolle.png, id=232, 829.0975pt x 429.605pt>
File: ./img//SatzVonRolle.png Graphic file (type png)
<use ./img//SatzVonRolle.png>
Package pdftex.def Info: ./img//SatzVonRolle.png  used on input line 140.
(pdftex.def)             Requested size: 211.42339pt x 109.5511pt.

Overfull \hbox (16.58429pt too wide) in paragraph at lines 139--142
| []
 []

pdfTeX warning (ext4): destination with the same identifier (name{page.}) has been already used, duplicate ignored
<to be read again> 
                   \relax 
l.142 \[
        f(b) - f(a) = f'(\mathcal{E})(b-a)\] [7 </home/samuel/Desktop/Analysis1/Analysis1/./img//ABS-function.png> </home/samuel/Desktop/Analysis1/Analysis1/./img//VanDerWaerden.png> </home/samuel/Desktop/Analysis1/Analysis1/./img//MaximaMinima.png>]
<./img//Lagrange.png, id=251, 1015.795pt x 575.14874pt>
File: ./img//Lagrange.png Graphic file (type png)
<use ./img//Lagrange.png>
Package pdftex.def Info: ./img//Lagrange.png  used on input line 143.
(pdftex.def)             Requested size: 203.1554pt x 115.02771pt.

Overfull \hbox (16.85211pt too wide) in paragraph at lines 142--146
[]
 []

<./img//arctan.png, id=252, 1039.885pt x 579.16376pt>
File: ./img//arctan.png Graphic file (type png)
<use ./img//arctan.png>
Package pdftex.def Info: ./img//arctan.png  used on input line 185.
(pdftex.def)             Requested size: 187.17122pt x 104.24496pt.
pdfTeX warning (ext4): destination with the same identifier (name{page.}) has been already used, duplicate ignored
<to be read again> 
                   \relax 
l.246 ... \rightarrow \infty} \frac{1}{ax^a} = 0\]
                                                   [8 </home/samuel/Desktop/Analysis1/Analysis1/./img//SatzVonRolle.png> </home/samuel/Desktop/Analysis1/Analysis1/./img//Lagrange.png> </home/samuel/Desktop/Analysis1/Analysis1/./img//arctan.png>]
<./img//Konvexität.png, id=263, 642.4pt x 342.27875pt>
File: ./img//Konvexität.png Graphic file (type png)
<use ./img//Konvexität.png>
Package pdftex.def Info: ./img//Konvexität.png  used on input line 257.
(pdftex.def)             Requested size: 163.81473pt x 87.28253pt.

Underfull \hbox (badness 10000) in paragraph at lines 261--266

 []


Underfull \hbox (badness 10000) in paragraph at lines 261--266

 []


Overfull \hbox (5.96146pt too wide) detected at line 272
\OMS/cmsy/m/n/8 ^^@ [] [] ^^T [] ^^@[] [] \OML/cmm/m/it/8 x[] \OT1/cmr/m/n/8 = \OMS/cmsy/m/n/8 ^^@[] []\OT1/cmr/m/n/8 (\OML/cmm/m/it/8 x[]; [] x[]\OT1/cmr/m/n/8 )
 []


Overfull \hbox (9.69194pt too wide) detected at line 335
\OML/cmm/m/it/8 f[]\OT1/cmr/m/n/8 (0) = [] [] = [] [] = 0
 []


Underfull \hbox (badness 10000) in paragraph at lines 340--344
\OT1/cmr/m/n/8 (+20) Aus-sa-ge []uber lo-ka-le Ex-tre-mal-stel-len ei-ner
 []

pdfTeX warning (ext4): destination with the same identifier (name{page.}) has been already used, duplicate ignored
<to be read again> 
                   \relax 
l.354 \[f'(x_0) = 0, \]
                        [9 </home/samuel/Desktop/Analysis1/Analysis1/./img//Konvexität.png>])
\openout2 = `Riemann_Integral.aux'.

 (/home/samuel/Desktop/Analysis1/Analysis1/Riemann_Integral.tex
Overfull \hbox (34.19858pt too wide) detected at line 42
[][]\OT1/cmr/m/n/8 (\OML/cmm/m/it/8 ^^U[]f[]\OT1/cmr/m/n/8 (\OML/cmm/m/it/8 x\OT1/cmr/m/n/8 ) + \OML/cmm/m/it/8 ^^U[]f[]\OT1/cmr/m/n/8 (\OML/cmm/m/it/8 x\OT1/cmr/m/n/8 )) \OML/cmm/m/it/8 dx \OT1/cmr/m/n/8 = \OML/cmm/m/it/8 ^^U[] [][] f[]\OT1/cmr/m/n/8 (\OML/cmm/m/it/8 x\OT1/cmr/m/n/8 ) \OML/cmm/m/it/8 dx \OT1/cmr/m/n/8 + \OML/cmm/m/it/8 ^^U[] [][] f[]\OT1/cmr/m/n/8 (\OML/cmm/m/it/8 x\OT1/cmr/m/n/8 ) \OML/cmm/m/it/8 dx
 []


Overfull \hbox (17.71771pt too wide) detected at line 69
[][] \OML/cmm/m/it/8 f\OT1/cmr/m/n/8 (\OML/cmm/m/it/8 x\OT1/cmr/m/n/8 )\OML/cmm/m/it/8 g[]\OT1/cmr/m/n/8 (\OML/cmm/m/it/8 x\OT1/cmr/m/n/8 ) \OML/cmm/m/it/8 dx \OT1/cmr/m/n/8 = \OML/cmm/m/it/8 f\OT1/cmr/m/n/8 (\OML/cmm/m/it/8 b\OT1/cmr/m/n/8 )\OML/cmm/m/it/8 g\OT1/cmr/m/n/8 (\OML/cmm/m/it/8 b\OT1/cmr/m/n/8 ) \OMS/cmsy/m/n/8 ^^@ \OML/cmm/m/it/8 f\OT1/cmr/m/n/8 (\OML/cmm/m/it/8 a\OT1/cmr/m/n/8 )\OML/cmm/m/it/8 g\OT1/cmr/m/n/8 (\OML/cmm/m/it/8 a\OT1/cmr/m/n/8 ) \OMS/cmsy/m/n/8 ^^@ [][] \OML/cmm/m/it/8 f[]\OT1/cmr/m/n/8 (\OML/cmm/m/it/8 x\OT1/cmr/m/n/8 )\OML/cmm/m/it/8 g\OT1/cmr/m/n/8 (\OML/cmm/m/it/8 x\OT1/cmr/m/n/8 ) \OML/cmm/m/it/8 dx
 []


Overfull \hbox (51.37961pt too wide) detected at line 110
[][]
 []

pdfTeX warning (ext4): destination with the same identifier (name{page.}) has been already used, duplicate ignored
<to be read again> 
                   \relax 
l.114 $$
         [10]
Overfull \hbox (29.30937pt too wide) detected at line 121
[]\OT1/cmr/m/n/8 (\OML/cmm/m/it/8 x\OT1/cmr/m/n/8 ) = []
 []


Overfull \hbox (45.46152pt too wide) detected at line 125
[] \OML/cmm/m/it/8 f\OT1/cmr/m/n/8 (\OML/cmm/m/it/8 i\OT1/cmr/m/n/8 ) = [][] \OML/cmm/m/it/8 f\OT1/cmr/m/n/8 (\OML/cmm/m/it/8 x\OT1/cmr/m/n/8 ) \OML/cmm/m/it/8 dx \OT1/cmr/m/n/8 + [](\OML/cmm/m/it/8 f\OT1/cmr/m/n/8 (\OML/cmm/m/it/8 n\OT1/cmr/m/n/8 ) \OMS/cmsy/m/n/8 ^^@ \OML/cmm/m/it/8 f\OT1/cmr/m/n/8 (0)) + [][] [](\OML/cmm/m/it/8 x\OT1/cmr/m/n/8 )\OML/cmm/m/it/8 f[]\OT1/cmr/m/n/8 (\OML/cmm/m/it/8 x\OT1/cmr/m/n/8 ) \OML/cmm/m/it/8 dx
 []


Overfull \hbox (129.95695pt too wide) detected at line 127
[] \OML/cmm/m/it/8 f\OT1/cmr/m/n/8 (\OML/cmm/m/it/8 i\OT1/cmr/m/n/8 ) = [][] \OML/cmm/m/it/8 f\OT1/cmr/m/n/8 (\OML/cmm/m/it/8 x\OT1/cmr/m/n/8 ) \OML/cmm/m/it/8 dx \OT1/cmr/m/n/8 + [](\OML/cmm/m/it/8 f\OT1/cmr/m/n/8 (\OML/cmm/m/it/8 n\OT1/cmr/m/n/8 ) \OMS/cmsy/m/n/8 ^^@ \OML/cmm/m/it/8 f\OT1/cmr/m/n/8 (0)) + [] [](\OML/cmm/m/it/8 f[]\OT1/cmr/m/n/8 (\OML/cmm/m/it/8 n\OT1/cmr/m/n/8 ) \OMS/cmsy/m/n/8 ^^@ \OML/cmm/m/it/8 f[]\OT1/cmr/m/n/8 (0)) + []
 []

)pdfTeX warning (ext4): destination with the same identifier (name{page.}) has been already used, duplicate ignored
<to be read again> 
                   \relax 
l.115 \end{multicols*}
                       [11
\@writefile{toc}{\contentsline {subsection}{\numberline {5.7}Stirling'sche Formel}{}{subsection.5.7}\protected@file@percent }
\@writefile{toc}{\contentsline {subsection}{\numberline {5.8}Uneigentliche Integrale}{}{subsection.5.8}\protected@file@percent }
\@writefile{toc}{\contentsline {subsection}{\numberline {5.9}Die Gamma Funktion}{}{subsection.5.9}\protected@file@percent }
\@writefile{toc}{\contentsline {subsection}{\numberline {5.10}Das unbestimmte Integral}{}{subsection.5.10}\protected@file@percent }
] (/home/samuel/Desktop/Analysis1/Analysis1/summary.aux (/home/samuel/Desktop/Analysis1/Analysis1/Grundlagen.aux) (/home/samuel/Desktop/Analysis1/Analysis1/Folgen_Reihen.aux) (/home/samuel/Desktop/Analysis1/Analysis1/Stetige_Funktionen.aux) (/home/samuel/Desktop/Analysis1/Analysis1/Differenzierbare_Funktionen.aux) (/home/samuel/Desktop/Analysis1/Analysis1/Riemann_Integral.aux))
Package rerunfilecheck Info: File `summary.out' has not changed.
(rerunfilecheck)             Checksum: EC31371777BBEC81E8778DF606EBF23A;6485.

Underfull \hbox (badness 10000) in paragraph at lines 116--116
[] [][]
 []


Underfull \hbox (badness 10000) in paragraph at lines 116--116

 []

 ) 
Here is how much of TeX's memory you used:
 14084 strings out of 478994
 209097 string characters out of 5864751
 636475 words of memory out of 5000000
 31038 multiletter control sequences out of 15000+600000
 416888 words of font info for 140 fonts, out of 8000000 for 9000
 1141 hyphenation exceptions out of 8191
 71i,14n,74p,528b,838s stack positions out of 5000i,500n,10000p,200000b,80000s
</usr/share/texmf-dist/fonts/type1/public/amsfonts/cmextra/cmbsy8.pfb></usr/share/texmf-dist/fonts/type1/public/amsfonts/cm/cmbx10.pfb></usr/share/texmf-dist/fonts/type1/public/amsfonts/cm/cmbx8.pfb></usr/share/texmf-dist/fonts/type1/public/amsfonts/cmextra/cmex8.pfb></usr/share/texmf-dist/fonts/type1/public/amsfonts/cm/cmmi10.pfb></usr/share/texmf-dist/fonts/type1/public/amsfonts/cm/cmmi5.pfb></usr/share/texmf-dist/fonts/type1/public/amsfonts/cm/cmmi6.pfb></usr/share/texmf-dist/fonts/type1/public/amsfonts/cm/cmmi7.pfb></usr/share/texmf-dist/fonts/type1/public/amsfonts/cm/cmmi8.pfb></usr/share/texmf-dist/fonts/type1/public/amsfonts/cm/cmr5.pfb></usr/share/texmf-dist/fonts/type1/public/amsfonts/cm/cmr6.pfb></usr/share/texmf-dist/fonts/type1/public/amsfonts/cm/cmr8.pfb></usr/share/texmf-dist/fonts/type1/public/amsfonts/cm/cmsl8.pfb></usr/share/texmf-dist/fonts/type1/public/amsfonts/cm/cmsy5.pfb></usr/share/texmf-dist/fonts/type1/public/amsfonts/cm/cmsy6.pfb></usr/share/texmf-dist/fonts/type1/public/amsfonts/cm/cmsy8.pfb></usr/share/texmf-dist/fonts/type1/public/amsfonts/symbols/msbm10.pfb>
Output written on /home/samuel/Desktop/Analysis1/Analysis1/summary.pdf (11 pages, 613463 bytes).
PDF statistics:
 351 PDF objects out of 1000 (max. 8388607)
 278 compressed objects within 3 object streams
 68 named destinations out of 1000 (max. 500000)
 27029 words of extra memory for PDF output out of 29859 (max. 10000000)

