\BOOKMARK [1][-]{section.1}{\376\377\000G\000r\000u\000n\000d\000l\000a\000g\000e\000n}{}% 1
\BOOKMARK [2][-]{subsection.1.1}{\376\377\000I\000n\000f\000i\000m\000u\000m\000\040\000u\000n\000d\000\040\000S\000u\000p\000r\000e\000m\000u\000m}{section.1}% 2
\BOOKMARK [1][-]{section.2}{\376\377\000F\000o\000l\000g\000e\000n\000\040\000u\000n\000d\000\040\000R\000e\000i\000h\000e\000n}{}% 3
\BOOKMARK [2][-]{subsection.2.1}{\376\377\000G\000r\000e\000n\000z\000w\000e\000r\000t\000\040\000e\000i\000n\000e\000r\000\040\000F\000o\000l\000g\000e}{section.2}% 4
\BOOKMARK [2][-]{subsection.2.2}{\376\377\000S\000a\000t\000z\000\040\000v\000o\000n\000\040\000W\000e\000i\000e\000r\000s\000t\000r\000a\000s\000s}{section.2}% 5
\BOOKMARK [2][-]{subsection.2.3}{\376\377\000L\000i\000m\000e\000s\000\040\000i\000n\000f\000e\000r\000i\000o\000r\000,\000\040\000L\000i\000m\000e\000s\000\040\000s\000u\000p\000e\000r\000i\000o\000r}{section.2}% 6
\BOOKMARK [2][-]{subsection.2.4}{\376\377\000C\000a\000u\000c\000h\000y\000\040\000K\000r\000i\000t\000e\000r\000i\000u\000m}{section.2}% 7
\BOOKMARK [2][-]{subsection.2.5}{\376\377\000S\000a\000t\000z\000\040\000v\000o\000n\000\040\000B\000o\000l\000z\000a\000n\000o\000-\000W\000e\000i\000e\000r\000s\000t\000r\000a\000s\000s}{section.2}% 8
\BOOKMARK [2][-]{subsection.2.6}{\376\377\000F\000o\000l\000g\000e\000n\000\040\000i\000n\000\040\000R\000d\000\040\000u\000n\000d\000\040\000C}{section.2}% 9
\BOOKMARK [2][-]{subsection.2.7}{\376\377\000R\000e\000i\000h\000e\000n}{section.2}% 10
\BOOKMARK [1][-]{section.3}{\376\377\000S\000t\000e\000t\000i\000g\000e\000\040\000F\000u\000n\000k\000t\000i\000o\000n\000e\000n}{}% 11
\BOOKMARK [2][-]{subsection.3.1}{\376\377\000R\000e\000e\000l\000l\000w\000e\000r\000t\000i\000g\000e\000\040\000F\000u\000n\000k\000t\000i\000o\000n\000e\000n}{section.3}% 12
\BOOKMARK [2][-]{subsection.3.2}{\376\377\000S\000t\000e\000t\000i\000g\000k\000e\000i\000t}{section.3}% 13
\BOOKMARK [2][-]{subsection.3.3}{\376\377\000D\000e\000r\000\040\000Z\000w\000i\000s\000c\000h\000e\000n\000w\000e\000r\000t\000s\000a\000t\000z}{section.3}% 14
\BOOKMARK [2][-]{subsection.3.4}{\376\377\000D\000e\000r\000\040\000M\000i\000n\000-\000M\000a\000x\000\040\000S\000a\000t\000z}{section.3}% 15
\BOOKMARK [2][-]{subsection.3.5}{\376\377\000D\000e\000r\000\040\000S\000a\000t\000z\000\040\000\374\000b\000e\000r\000\040\000U\000m\000k\000e\000h\000r\000a\000b\000b\000i\000l\000d\000u\000n\000g}{section.3}% 16
\BOOKMARK [2][-]{subsection.3.6}{\376\377\000D\000i\000e\000\040\000r\000e\000e\000l\000l\000e\000\040\000E\000x\000p\000o\000n\000e\000n\000t\000i\000a\000l\000f\000u\000n\000k\000t\000i\000o\000n}{section.3}% 17
\BOOKMARK [2][-]{subsection.3.7}{\376\377\000K\000o\000n\000v\000e\000r\000g\000e\000n\000z\000\040\000v\000.\000\040\000F\000u\000n\000k\000t\000i\000o\000n\000e\000n\000f\000o\000l\000g\000e\000n}{section.3}% 18
\BOOKMARK [2][-]{subsection.3.8}{\376\377\000D\000i\000e\000\040\000K\000r\000e\000i\000s\000z\000a\000h\000l\000\040\000\040}{section.3}% 19
\BOOKMARK [2][-]{subsection.3.9}{\376\377\000G\000r\000e\000n\000z\000w\000e\000r\000t\000e\000\040\000v\000o\000n\000\040\000F\000u\000n\000k\000t\000i\000o\000n\000e\000n}{section.3}% 20
\BOOKMARK [2][-]{subsection.3.10}{\376\377\000L\000i\000n\000k\000s\000e\000e\000i\000t\000i\000g\000e\000\040\000u\000n\000d\000\040\000r\000e\000h\000c\000s\000s\000e\000i\000t\000i\000g\000e\000\040\000G\000r\000e\000n\000z\000w\000e\000r\000t\000e}{section.3}% 21
\BOOKMARK [1][-]{section.4}{\376\377\000D\000i\000f\000f\000e\000r\000e\000n\000z\000i\000e\000r\000b\000a\000r\000e\000\040\000F\000u\000n\000k\000t\000i\000o\000n\000e\000n}{}% 22
\BOOKMARK [2][-]{subsection.4.1}{\376\377\000D\000i\000e\000\040\000A\000b\000l\000e\000i\000t\000u\000n\000g}{section.4}% 23
\BOOKMARK [2][-]{subsection.4.2}{\376\377\000Z\000e\000n\000t\000r\000a\000l\000e\000\040\000S\000\344\000t\000z\000e\000\040\000\374\000b\000e\000r\000\040\000d\000i\000e\000\040\000A\000b\000l\000e\000i\000t\000u\000n\000g}{section.4}% 24
\BOOKMARK [2][-]{subsection.4.3}{\376\377\000H\000\366\000h\000e\000r\000e\000\040\000A\000b\000l\000e\000i\000t\000u\000n\000g\000e\000n}{section.4}% 25
\BOOKMARK [2][-]{subsection.4.4}{\376\377\000P\000o\000t\000e\000n\000z\000r\000e\000i\000h\000e\000n\000\040\000\046\000\040\000T\000a\000y\000l\000o\000r\000\040\000A\000p\000p\000r\000o\000x\000.}{section.4}% 26
\BOOKMARK [1][-]{section.5}{\376\377\000D\000a\000s\000\040\000R\000i\000e\000m\000a\000n\000n\000\040\000I\000n\000t\000e\000g\000r\000a\000l}{}% 27
\BOOKMARK [2][-]{subsection.5.1}{\376\377\000I\000n\000t\000e\000g\000r\000a\000b\000i\000l\000i\000t\000\344\000t\000s\000k\000r\000i\000t\000e\000r\000i\000e\000n}{section.5}% 28
\BOOKMARK [2][-]{subsection.5.2}{\376\377\000I\000n\000t\000e\000g\000r\000i\000e\000r\000b\000a\000r\000e\000\040\000F\000u\000n\000k\000t\000i\000o\000n\000e\000n}{section.5}% 29
\BOOKMARK [2][-]{subsection.5.3}{\376\377\000U\000n\000g\000l\000e\000i\000c\000h\000u\000n\000g\000e\000n\000\040\000u\000n\000d\000\040\000M\000i\000t\000t\000e\000l\000w\000e\000r\000t\000s\000a\000t\000z}{section.5}% 30
\BOOKMARK [2][-]{subsection.5.4}{\376\377\000F\000u\000n\000d\000a\000m\000e\000n\000t\000a\000l\000s\000a\000t\000z}{section.5}% 31
\BOOKMARK [2][-]{subsection.5.5}{\376\377\000I\000n\000t\000e\000g\000r\000a\000t\000i\000o\000n\000\040\000k\000o\000n\000v\000e\000r\000g\000e\000n\000t\000e\000r\000\040\000R\000e\000i\000h\000e\000n}{section.5}% 32
\BOOKMARK [2][-]{subsection.5.6}{\376\377\000E\000u\000l\000e\000r\000-\000M\000c\000L\000a\000u\000r\000i\000n\000\040\000S\000u\000m\000m\000a\000t\000i\000o\000n\000s\000f\000o\000r\000m\000e\000l}{section.5}% 33
\BOOKMARK [2][-]{subsection.5.7}{\376\377\000S\000t\000i\000r\000l\000i\000n\000g\000'\000s\000c\000h\000e\000\040\000F\000o\000r\000m\000e\000l}{section.5}% 34
\BOOKMARK [2][-]{subsection.5.8}{\376\377\000U\000n\000e\000i\000g\000e\000n\000t\000l\000i\000c\000h\000e\000\040\000I\000n\000t\000e\000g\000r\000a\000l\000e}{section.5}% 35
\BOOKMARK [2][-]{subsection.5.9}{\376\377\000D\000i\000e\000\040\000G\000a\000m\000m\000a\000\040\000F\000u\000n\000k\000t\000i\000o\000n}{section.5}% 36
\BOOKMARK [2][-]{subsection.5.10}{\376\377\000D\000a\000s\000\040\000u\000n\000b\000e\000s\000t\000i\000m\000m\000t\000e\000\040\000I\000n\000t\000e\000g\000r\000a\000l}{section.5}% 37
